<?xml version="1.0" encoding="UTF-8" ?>
<testsuite tests="36" failures="1" name="BDProdutos_ESTest" time="0.143" errors="2" skipped="0">
  <properties>
[...]
</properties>
  <testcase classname="BDProdutos_ESTest" name="test30" time="0.043">
    <failure message="Expecting exception: NullPointerException" type="java.lang.AssertionError">java.lang.AssertionError: Expecting exception: NullPointerException
	at org.junit.Assert.fail(Assert.java:88)
	at BDProdutos_ESTest.test30(BDProdutos_ESTest.java:2760)
	at sun.reflect.NativeMethodAccessorImpl.invoke0(Native Method)
	at sun.reflect.NativeMethodAccessorImpl.invoke(NativeMethodAccessorImpl.java:62)
	at sun.reflect.DelegatingMethodAccessorImpl.invoke(DelegatingMethodAccessorImpl.java:43)
	at java.lang.reflect.Method.invoke(Method.java:498)
	at org.junit.runners.model.FrameworkMethod$1.runReflectiveCall(FrameworkMethod.java:50)
	at org.junit.internal.runners.model.ReflectiveCallable.run(ReflectiveCallable.java:12)
	at org.junit.runners.model.FrameworkMethod.invokeExplosively(FrameworkMethod.java:47)
	at org.junit.internal.runners.statements.InvokeMethod.evaluate(InvokeMethod.java:17)
	at org.junit.internal.runners.statements.FailOnTimeout$CallableStatement.call(FailOnTimeout.java:298)
	at org.junit.internal.runners.statements.FailOnTimeout$CallableStatement.call(FailOnTimeout.java:292)
	at java.util.concurrent.FutureTask.run(FutureTask.java:266)
	at java.lang.Thread.run(Thread.java:748)
</failure>
    <system-out>[INFO] Seeing class for first time: BDProdutos_ESTest
[INFO] Instrumenting class &apos;BDProdutos_ESTest&apos;.
[INFO] Seeing class for first time: BDProdutos_ESTest_scaffolding
[INFO] Instrumenting class &apos;BDProdutos_ESTest_scaffolding&apos;.
[INFO] Keeping class: BDProdutos_ESTest_scaffolding
[INFO] Keeping class: BDProdutos_ESTest
[DEBUG] Adding privileged thread: &quot;Reference Handler&quot;
[DEBUG] Adding privileged thread: &quot;Finalizer&quot;
[DEBUG] Adding privileged thread: &quot;Signal Dispatcher&quot;
[DEBUG] Adding privileged thread: &quot;Java2D Disposer&quot;
[DEBUG] Adding privileged thread: &quot;AWT-XAWT&quot;
[DEBUG] Adding privileged thread: &quot;process reaper&quot;
[DEBUG] Adding privileged thread: &quot;main&quot;
[INFO] Seeing class for first time: LinhaEncomenda
[INFO] Instrumenting class &apos;LinhaEncomenda&apos;.
[INFO] Adding mock interface to class LinhaEncomenda
[INFO] Found static initializer in class LinhaEncomenda
[INFO] Keeping class: LinhaEncomenda
[INFO] Seeing class for first time: ProductNotFoundException
[INFO] Instrumenting class &apos;ProductNotFoundException&apos;.
[INFO] Adding mock interface to class ProductNotFoundException
[INFO] Found static initializer in class ProductNotFoundException
[INFO] Keeping class: ProductNotFoundException
[INFO] Seeing class for first time: BDProdutos
[INFO] Instrumenting class &apos;BDProdutos&apos;.
[INFO] Adding mock interface to class BDProdutos
[INFO] Found static initializer in class BDProdutos
[INFO] Keeping class: BDProdutos
[INFO] Found new thread
</system-out>
  </testcase>
  <testcase classname="BDProdutos_ESTest" name="test19" time="0"/>
  <testcase classname="BDProdutos_ESTest" name="test18" time="0.001"/>
  <testcase classname="BDProdutos_ESTest" name="test17" time="0.002"/>
  <testcase classname="BDProdutos_ESTest" name="test16" time="0.002"/>
  <testcase classname="BDProdutos_ESTest" name="test15" time="0.002"/>
  <testcase classname="BDProdutos_ESTest" name="test14" time="0.002"/>
  <testcase classname="BDProdutos_ESTest" name="test13" time="0.002"/>
  <testcase classname="BDProdutos_ESTest" name="test35" time="0.002"/>
  <testcase classname="BDProdutos_ESTest" name="test12" time="0.002"/>
  <testcase classname="BDProdutos_ESTest" name="test34" time="0.002"/>
  <testcase classname="BDProdutos_ESTest" name="test11" time="0.002"/>
  <testcase classname="BDProdutos_ESTest" name="test33" time="0.004"/>
  <testcase classname="BDProdutos_ESTest" name="test10" time="0.01"/>
  <testcase classname="BDProdutos_ESTest" name="test32" time="0.003"/>
  <testcase classname="BDProdutos_ESTest" name="test31" time="0.007"/>
  <testcase classname="BDProdutos_ESTest" name="test09" time="0.003"/>
  <testcase classname="BDProdutos_ESTest" name="test08" time="0.003"/>
  <testcase classname="BDProdutos_ESTest" name="test07" time="0.004"/>
  <testcase classname="BDProdutos_ESTest" name="test29" time="0.004"/>
  <testcase classname="BDProdutos_ESTest" name="test06" time="0.002"/>
  <testcase classname="BDProdutos_ESTest" name="test28" time="0.001"/>
  <testcase classname="BDProdutos_ESTest" name="test05" time="0.003"/>
  <testcase classname="BDProdutos_ESTest" name="test27" time="0.001"/>
  <testcase classname="BDProdutos_ESTest" name="test04" time="0.003"/>
  <testcase classname="BDProdutos_ESTest" name="test26" time="0.001"/>
  <testcase classname="BDProdutos_ESTest" name="test03" time="0.005">
    <error type="java.lang.NullPointerException">java.lang.NullPointerException
	at java.util.HashMap.merge(HashMap.java:1225)
	at java.util.stream.Collectors.lambda$toMap$58(Collectors.java:1320)
	at java.util.stream.ReduceOps$3ReducingSink.accept(ReduceOps.java:169)
	at java.util.TreeMap$EntrySpliterator.forEachRemaining(TreeMap.java:2969)
	at java.util.stream.AbstractPipeline.copyInto(AbstractPipeline.java:482)
	at java.util.stream.AbstractPipeline.wrapAndCopyInto(AbstractPipeline.java:472)
	at java.util.stream.ReduceOps$ReduceOp.evaluateSequential(ReduceOps.java:708)
	at java.util.stream.AbstractPipeline.evaluate(AbstractPipeline.java:234)
	at java.util.stream.ReferencePipeline.collect(ReferencePipeline.java:566)
	at BDProdutos.getProdutos(BDProdutos.java:25)
	at BDProdutos.equals(BDProdutos.java:75)
	at BDProdutos_ESTest.test03(BDProdutos_ESTest.java:462)
	at sun.reflect.NativeMethodAccessorImpl.invoke0(Native Method)
	at sun.reflect.NativeMethodAccessorImpl.invoke(NativeMethodAccessorImpl.java:62)
	at sun.reflect.DelegatingMethodAccessorImpl.invoke(DelegatingMethodAccessorImpl.java:43)
	at java.lang.reflect.Method.invoke(Method.java:498)
	at org.junit.runners.model.FrameworkMethod$1.runReflectiveCall(FrameworkMethod.java:50)
	at org.junit.internal.runners.model.ReflectiveCallable.run(ReflectiveCallable.java:12)
	at org.junit.runners.model.FrameworkMethod.invokeExplosively(FrameworkMethod.java:47)
	at org.junit.internal.runners.statements.InvokeMethod.evaluate(InvokeMethod.java:17)
	at org.junit.internal.runners.statements.FailOnTimeout$CallableStatement.call(FailOnTimeout.java:298)
	at org.junit.internal.runners.statements.FailOnTimeout$CallableStatement.call(FailOnTimeout.java:292)
	at java.util.concurrent.FutureTask.run(FutureTask.java:266)
	at java.lang.Thread.run(Thread.java:748)
</error>
    <system-out>[INFO] Found new thread
</system-out>
  </testcase>
  <testcase classname="BDProdutos_ESTest" name="test25" time="0.001"/>
  <testcase classname="BDProdutos_ESTest" name="test02" time="0.013"/>
  <testcase classname="BDProdutos_ESTest" name="test24" time="0.001"/>
  <testcase classname="BDProdutos_ESTest" name="test01" time="0.005">
    <error type="java.lang.NullPointerException">java.lang.NullPointerException
	at java.util.HashMap.merge(HashMap.java:1225)
	at java.util.stream.Collectors.lambda$toMap$58(Collectors.java:1320)
	at java.util.stream.ReduceOps$3ReducingSink.accept(ReduceOps.java:169)
	at java.util.TreeMap$EntrySpliterator.forEachRemaining(TreeMap.java:2969)
	at java.util.stream.AbstractPipeline.copyInto(AbstractPipeline.java:482)
	at java.util.stream.AbstractPipeline.wrapAndCopyInto(AbstractPipeline.java:472)
	at java.util.stream.ReduceOps$ReduceOp.evaluateSequential(ReduceOps.java:708)
	at java.util.stream.AbstractPipeline.evaluate(AbstractPipeline.java:234)
	at java.util.stream.ReferencePipeline.collect(ReferencePipeline.java:566)
	at BDProdutos.getProdutos(BDProdutos.java:25)
	at BDProdutos.equals(BDProdutos.java:75)
	at BDProdutos_ESTest.test01(BDProdutos_ESTest.java:129)
	at sun.reflect.NativeMethodAccessorImpl.invoke0(Native Method)
	at sun.reflect.NativeMethodAccessorImpl.invoke(NativeMethodAccessorImpl.java:62)
	at sun.reflect.DelegatingMethodAccessorImpl.invoke(DelegatingMethodAccessorImpl.java:43)
	at java.lang.reflect.Method.invoke(Method.java:498)
	at org.junit.runners.model.FrameworkMethod$1.runReflectiveCall(FrameworkMethod.java:50)
	at org.junit.internal.runners.model.ReflectiveCallable.run(ReflectiveCallable.java:12)
	at org.junit.runners.model.FrameworkMethod.invokeExplosively(FrameworkMethod.java:47)
	at org.junit.internal.runners.statements.InvokeMethod.evaluate(InvokeMethod.java:17)
	at org.junit.internal.runners.statements.FailOnTimeout$CallableStatement.call(FailOnTimeout.java:298)
	at org.junit.internal.runners.statements.FailOnTimeout$CallableStatement.call(FailOnTimeout.java:292)
	at java.util.concurrent.FutureTask.run(FutureTask.java:266)
	at java.lang.Thread.run(Thread.java:748)
</error>
    <system-out>[INFO] Found new thread
</system-out>
  </testcase>
  <testcase classname="BDProdutos_ESTest" name="test23" time="0.001"/>
  <testcase classname="BDProdutos_ESTest" name="test00" time="0.002"/>
  <testcase classname="BDProdutos_ESTest" name="test22" time="0.001"/>
  <testcase classname="BDProdutos_ESTest" name="test21" time="0.002"/>
  <testcase classname="BDProdutos_ESTest" name="test20" time="0.001"/>
</testsuite>