<?xml version="1.0" encoding="UTF-8" ?>
<testsuite tests="36" failures="1" name="BDProdutos_ESTest" time="0.143" errors="2" skipped="0">
  <properties>
    <property name="java.runtime.name" value="OpenJDK Runtime Environment"/>
    <property name="sun.boot.library.path" value="/usr/lib/jvm/java-8-openjdk-amd64/jre/lib/amd64"/>
    <property name="java.vm.version" value="25.275-b01"/>
    <property name="java.vm.vendor" value="Private Build"/>
    <property name="maven.multiModuleProjectDirectory" value="/home/pbr/work_ats/analysis/projects/83"/>
    <property name="java.vendor.url" value="http://java.oracle.com/"/>
    <property name="path.separator" value=":"/>
    <property name="guice.disable.misplaced.annotation.check" value="true"/>
    <property name="java.vm.name" value="OpenJDK 64-Bit Server VM"/>
    <property name="file.encoding.pkg" value="sun.io"/>
    <property name="user.country" value="GB"/>
    <property name="sun.java.launcher" value="SUN_STANDARD"/>
    <property name="sun.os.patch.level" value="unknown"/>
    <property name="java.vm.specification.name" value="Java Virtual Machine Specification"/>
    <property name="user.dir" value="/home/pbr/work_ats/analysis/projects/83"/>
    <property name="java.runtime.version" value="1.8.0_275-8u275-b01-0ubuntu1~20.10-b01"/>
    <property name="java.awt.graphicsenv" value="sun.awt.X11GraphicsEnvironment"/>
    <property name="java.endorsed.dirs" value="/usr/lib/jvm/java-8-openjdk-amd64/jre/lib/endorsed"/>
    <property name="os.arch" value="amd64"/>
    <property name="java.io.tmpdir" value="/tmp"/>
    <property name="line.separator" value="
"/>
    <property name="java.vm.specification.vendor" value="Oracle Corporation"/>
    <property name="os.name" value="Linux"/>
    <property name="net.sourceforge.cobertura.datafile" value="/home/pbr/work_ats/analysis/projects/83/target/cobertura/cobertura.ser"/>
    <property name="classworlds.conf" value="/usr/share/maven/bin/m2.conf"/>
    <property name="sun.jnu.encoding" value="UTF-8"/>
    <property name="java.library.path" value="/usr/java/packages/lib/amd64:/usr/lib/x86_64-linux-gnu/jni:/lib/x86_64-linux-gnu:/usr/lib/x86_64-linux-gnu:/usr/lib/jni:/lib:/usr/lib"/>
    <property name="maven.conf" value="/usr/share/maven/conf"/>
    <property name="java.specification.name" value="Java Platform API Specification"/>
    <property name="java.class.version" value="52.0"/>
    <property name="sun.management.compiler" value="HotSpot 64-Bit Tiered Compilers"/>
    <property name="os.version" value="5.8.0-7630-generic"/>
    <property name="library.jansi.path" value="/usr/share/maven/lib/jansi-native"/>
    <property name="user.home" value="/home/pbr"/>
    <property name="user.timezone" value="Europe/Lisbon"/>
    <property name="java.awt.printerjob" value="sun.print.PSPrinterJob"/>
    <property name="java.specification.version" value="1.8"/>
    <property name="file.encoding" value="UTF-8"/>
    <property name="user.name" value="pbr"/>
    <property name="java.class.path" value="/usr/share/maven/boot/plexus-classworlds-2.x.jar"/>
    <property name="java.vm.specification.version" value="1.8"/>
    <property name="sun.arch.data.model" value="64"/>
    <property name="java.home" value="/usr/lib/jvm/java-8-openjdk-amd64/jre"/>
    <property name="sun.java.command" value="org.codehaus.plexus.classworlds.launcher.Launcher cobertura:cobertura"/>
    <property name="java.specification.vendor" value="Oracle Corporation"/>
    <property name="user.language" value="en"/>
    <property name="awt.toolkit" value="sun.awt.X11.XToolkit"/>
    <property name="java.vm.info" value="mixed mode"/>
    <property name="java.version" value="1.8.0_275"/>
    <property name="java.ext.dirs" value="/usr/lib/jvm/java-8-openjdk-amd64/jre/lib/ext:/usr/java/packages/lib/ext"/>
    <property name="securerandom.source" value="file:/dev/./urandom"/>
    <property name="sun.boot.class.path" value="/usr/lib/jvm/java-8-openjdk-amd64/jre/lib/resources.jar:/usr/lib/jvm/java-8-openjdk-amd64/jre/lib/rt.jar:/usr/lib/jvm/java-8-openjdk-amd64/jre/lib/sunrsasign.jar:/usr/lib/jvm/java-8-openjdk-amd64/jre/lib/jsse.jar:/usr/lib/jvm/java-8-openjdk-amd64/jre/lib/jce.jar:/usr/lib/jvm/java-8-openjdk-amd64/jre/lib/charsets.jar:/usr/lib/jvm/java-8-openjdk-amd64/jre/lib/jfr.jar:/usr/lib/jvm/java-8-openjdk-amd64/jre/classes"/>
    <property name="java.vendor" value="Private Build"/>
    <property name="maven.home" value="/usr/share/maven"/>
    <property name="file.separator" value="/"/>
    <property name="java.vendor.url.bug" value="http://bugreport.sun.com/bugreport/"/>
    <property name="sun.cpu.endian" value="little"/>
    <property name="sun.io.unicode.encoding" value="UnicodeLittle"/>
    <property name="project.build.outputDirectory" value="/home/pbr/work_ats/analysis/projects/83/target/generated-classes/cobertura"/>
    <property name="sun.desktop" value="gnome"/>
    <property name="sun.cpu.isalist" value=""/>
  </properties>
  <testcase classname="BDProdutos_ESTest" name="test30" time="0.043">
    <failure message="Expecting exception: NullPointerException" type="java.lang.AssertionError">java.lang.AssertionError: Expecting exception: NullPointerException
	at org.junit.Assert.fail(Assert.java:88)
	at BDProdutos_ESTest.test30(BDProdutos_ESTest.java:2760)
	at sun.reflect.NativeMethodAccessorImpl.invoke0(Native Method)
	at sun.reflect.NativeMethodAccessorImpl.invoke(NativeMethodAccessorImpl.java:62)
	at sun.reflect.DelegatingMethodAccessorImpl.invoke(DelegatingMethodAccessorImpl.java:43)
	at java.lang.reflect.Method.invoke(Method.java:498)
	at org.junit.runners.model.FrameworkMethod$1.runReflectiveCall(FrameworkMethod.java:50)
	at org.junit.internal.runners.model.ReflectiveCallable.run(ReflectiveCallable.java:12)
	at org.junit.runners.model.FrameworkMethod.invokeExplosively(FrameworkMethod.java:47)
	at org.junit.internal.runners.statements.InvokeMethod.evaluate(InvokeMethod.java:17)
	at org.junit.internal.runners.statements.FailOnTimeout$CallableStatement.call(FailOnTimeout.java:298)
	at org.junit.internal.runners.statements.FailOnTimeout$CallableStatement.call(FailOnTimeout.java:292)
	at java.util.concurrent.FutureTask.run(FutureTask.java:266)
	at java.lang.Thread.run(Thread.java:748)
</failure>
    <system-out>[INFO] Seeing class for first time: BDProdutos_ESTest
[INFO] Instrumenting class &apos;BDProdutos_ESTest&apos;.
[INFO] Seeing class for first time: BDProdutos_ESTest_scaffolding
[INFO] Instrumenting class &apos;BDProdutos_ESTest_scaffolding&apos;.
[INFO] Keeping class: BDProdutos_ESTest_scaffolding
[INFO] Keeping class: BDProdutos_ESTest
[DEBUG] Adding privileged thread: &quot;Reference Handler&quot;
[DEBUG] Adding privileged thread: &quot;Finalizer&quot;
[DEBUG] Adding privileged thread: &quot;Signal Dispatcher&quot;
[DEBUG] Adding privileged thread: &quot;Java2D Disposer&quot;
[DEBUG] Adding privileged thread: &quot;AWT-XAWT&quot;
[DEBUG] Adding privileged thread: &quot;process reaper&quot;
[DEBUG] Adding privileged thread: &quot;main&quot;
[INFO] Seeing class for first time: LinhaEncomenda
[INFO] Instrumenting class &apos;LinhaEncomenda&apos;.
[INFO] Adding mock interface to class LinhaEncomenda
[INFO] Found static initializer in class LinhaEncomenda
[INFO] Keeping class: LinhaEncomenda
[INFO] Seeing class for first time: ProductNotFoundException
[INFO] Instrumenting class &apos;ProductNotFoundException&apos;.
[INFO] Adding mock interface to class ProductNotFoundException
[INFO] Found static initializer in class ProductNotFoundException
[INFO] Keeping class: ProductNotFoundException
[INFO] Seeing class for first time: BDProdutos
[INFO] Instrumenting class &apos;BDProdutos&apos;.
[INFO] Adding mock interface to class BDProdutos
[INFO] Found static initializer in class BDProdutos
[INFO] Keeping class: BDProdutos
[INFO] Found new thread
</system-out>
  </testcase>
  <testcase classname="BDProdutos_ESTest" name="test19" time="0"/>
  <testcase classname="BDProdutos_ESTest" name="test18" time="0.001"/>
  <testcase classname="BDProdutos_ESTest" name="test17" time="0.002"/>
  <testcase classname="BDProdutos_ESTest" name="test16" time="0.002"/>
  <testcase classname="BDProdutos_ESTest" name="test15" time="0.002"/>
  <testcase classname="BDProdutos_ESTest" name="test14" time="0.002"/>
  <testcase classname="BDProdutos_ESTest" name="test13" time="0.002"/>
  <testcase classname="BDProdutos_ESTest" name="test35" time="0.002"/>
  <testcase classname="BDProdutos_ESTest" name="test12" time="0.002"/>
  <testcase classname="BDProdutos_ESTest" name="test34" time="0.002"/>
  <testcase classname="BDProdutos_ESTest" name="test11" time="0.002"/>
  <testcase classname="BDProdutos_ESTest" name="test33" time="0.004"/>
  <testcase classname="BDProdutos_ESTest" name="test10" time="0.01"/>
  <testcase classname="BDProdutos_ESTest" name="test32" time="0.003"/>
  <testcase classname="BDProdutos_ESTest" name="test31" time="0.007"/>
  <testcase classname="BDProdutos_ESTest" name="test09" time="0.003"/>
  <testcase classname="BDProdutos_ESTest" name="test08" time="0.003"/>
  <testcase classname="BDProdutos_ESTest" name="test07" time="0.004"/>
  <testcase classname="BDProdutos_ESTest" name="test29" time="0.004"/>
  <testcase classname="BDProdutos_ESTest" name="test06" time="0.002"/>
  <testcase classname="BDProdutos_ESTest" name="test28" time="0.001"/>
  <testcase classname="BDProdutos_ESTest" name="test05" time="0.003"/>
  <testcase classname="BDProdutos_ESTest" name="test27" time="0.001"/>
  <testcase classname="BDProdutos_ESTest" name="test04" time="0.003"/>
  <testcase classname="BDProdutos_ESTest" name="test26" time="0.001"/>
  <testcase classname="BDProdutos_ESTest" name="test03" time="0.005">
    <error type="java.lang.NullPointerException">java.lang.NullPointerException
	at java.util.HashMap.merge(HashMap.java:1225)
	at java.util.stream.Collectors.lambda$toMap$58(Collectors.java:1320)
	at java.util.stream.ReduceOps$3ReducingSink.accept(ReduceOps.java:169)
	at java.util.TreeMap$EntrySpliterator.forEachRemaining(TreeMap.java:2969)
	at java.util.stream.AbstractPipeline.copyInto(AbstractPipeline.java:482)
	at java.util.stream.AbstractPipeline.wrapAndCopyInto(AbstractPipeline.java:472)
	at java.util.stream.ReduceOps$ReduceOp.evaluateSequential(ReduceOps.java:708)
	at java.util.stream.AbstractPipeline.evaluate(AbstractPipeline.java:234)
	at java.util.stream.ReferencePipeline.collect(ReferencePipeline.java:566)
	at BDProdutos.getProdutos(BDProdutos.java:25)
	at BDProdutos.equals(BDProdutos.java:75)
	at BDProdutos_ESTest.test03(BDProdutos_ESTest.java:462)
	at sun.reflect.NativeMethodAccessorImpl.invoke0(Native Method)
	at sun.reflect.NativeMethodAccessorImpl.invoke(NativeMethodAccessorImpl.java:62)
	at sun.reflect.DelegatingMethodAccessorImpl.invoke(DelegatingMethodAccessorImpl.java:43)
	at java.lang.reflect.Method.invoke(Method.java:498)
	at org.junit.runners.model.FrameworkMethod$1.runReflectiveCall(FrameworkMethod.java:50)
	at org.junit.internal.runners.model.ReflectiveCallable.run(ReflectiveCallable.java:12)
	at org.junit.runners.model.FrameworkMethod.invokeExplosively(FrameworkMethod.java:47)
	at org.junit.internal.runners.statements.InvokeMethod.evaluate(InvokeMethod.java:17)
	at org.junit.internal.runners.statements.FailOnTimeout$CallableStatement.call(FailOnTimeout.java:298)
	at org.junit.internal.runners.statements.FailOnTimeout$CallableStatement.call(FailOnTimeout.java:292)
	at java.util.concurrent.FutureTask.run(FutureTask.java:266)
	at java.lang.Thread.run(Thread.java:748)
</error>
    <system-out>[INFO] Found new thread
</system-out>
  </testcase>
  <testcase classname="BDProdutos_ESTest" name="test25" time="0.001"/>
  <testcase classname="BDProdutos_ESTest" name="test02" time="0.013"/>
  <testcase classname="BDProdutos_ESTest" name="test24" time="0.001"/>
  <testcase classname="BDProdutos_ESTest" name="test01" time="0.005">
    <error type="java.lang.NullPointerException">java.lang.NullPointerException
	at java.util.HashMap.merge(HashMap.java:1225)
	at java.util.stream.Collectors.lambda$toMap$58(Collectors.java:1320)
	at java.util.stream.ReduceOps$3ReducingSink.accept(ReduceOps.java:169)
	at java.util.TreeMap$EntrySpliterator.forEachRemaining(TreeMap.java:2969)
	at java.util.stream.AbstractPipeline.copyInto(AbstractPipeline.java:482)
	at java.util.stream.AbstractPipeline.wrapAndCopyInto(AbstractPipeline.java:472)
	at java.util.stream.ReduceOps$ReduceOp.evaluateSequential(ReduceOps.java:708)
	at java.util.stream.AbstractPipeline.evaluate(AbstractPipeline.java:234)
	at java.util.stream.ReferencePipeline.collect(ReferencePipeline.java:566)
	at BDProdutos.getProdutos(BDProdutos.java:25)
	at BDProdutos.equals(BDProdutos.java:75)
	at BDProdutos_ESTest.test01(BDProdutos_ESTest.java:129)
	at sun.reflect.NativeMethodAccessorImpl.invoke0(Native Method)
	at sun.reflect.NativeMethodAccessorImpl.invoke(NativeMethodAccessorImpl.java:62)
	at sun.reflect.DelegatingMethodAccessorImpl.invoke(DelegatingMethodAccessorImpl.java:43)
	at java.lang.reflect.Method.invoke(Method.java:498)
	at org.junit.runners.model.FrameworkMethod$1.runReflectiveCall(FrameworkMethod.java:50)
	at org.junit.internal.runners.model.ReflectiveCallable.run(ReflectiveCallable.java:12)
	at org.junit.runners.model.FrameworkMethod.invokeExplosively(FrameworkMethod.java:47)
	at org.junit.internal.runners.statements.InvokeMethod.evaluate(InvokeMethod.java:17)
	at org.junit.internal.runners.statements.FailOnTimeout$CallableStatement.call(FailOnTimeout.java:298)
	at org.junit.internal.runners.statements.FailOnTimeout$CallableStatement.call(FailOnTimeout.java:292)
	at java.util.concurrent.FutureTask.run(FutureTask.java:266)
	at java.lang.Thread.run(Thread.java:748)
</error>
    <system-out>[INFO] Found new thread
</system-out>
  </testcase>
  <testcase classname="BDProdutos_ESTest" name="test23" time="0.001"/>
  <testcase classname="BDProdutos_ESTest" name="test00" time="0.002"/>
  <testcase classname="BDProdutos_ESTest" name="test22" time="0.001"/>
  <testcase classname="BDProdutos_ESTest" name="test21" time="0.002"/>
  <testcase classname="BDProdutos_ESTest" name="test20" time="0.001"/>
</testsuite>