<?xml version="1.0" encoding="UTF-8" ?>
<testsuite tests="1" failures="0" name="Voluntario_ESTest" time="0.067" errors="1" skipped="0">
  <properties>
[...]
</properties>
  <testcase classname="Voluntario_ESTest" name="Voluntario_ESTest" time="0.067">
    <error type="java.lang.NullPointerException">java.lang.NullPointerException
	at org.evosuite.runtime.System.restoreProperties(System.java:100)
	at org.evosuite.runtime.System.resetRuntime(System.java:328)
	at org.evosuite.runtime.Runtime.resetRuntime(Runtime.java:81)
	at org.evosuite.runtime.classhandling.ClassStateSupport.loadClasses(ClassStateSupport.java:151)
	at org.evosuite.runtime.classhandling.ClassStateSupport.initializeClasses(ClassStateSupport.java:64)
	at Voluntario_ESTest_scaffolding.initializeClasses(Voluntario_ESTest_scaffolding.java:86)
	at Voluntario_ESTest_scaffolding.initEvoSuiteFramework(Voluntario_ESTest_scaffolding.java:38)
	at sun.reflect.NativeMethodAccessorImpl.invoke0(Native Method)
	at sun.reflect.NativeMethodAccessorImpl.invoke(NativeMethodAccessorImpl.java:62)
	at sun.reflect.DelegatingMethodAccessorImpl.invoke(DelegatingMethodAccessorImpl.java:43)
	at java.lang.reflect.Method.invoke(Method.java:498)
	at org.junit.runners.model.FrameworkMethod$1.runReflectiveCall(FrameworkMethod.java:50)
	at org.junit.internal.runners.model.ReflectiveCallable.run(ReflectiveCallable.java:12)
	at org.junit.runners.model.FrameworkMethod.invokeExplosively(FrameworkMethod.java:47)
	at org.junit.internal.runners.statements.RunBefores.evaluate(RunBefores.java:24)
	at org.junit.internal.runners.statements.RunAfters.evaluate(RunAfters.java:27)
	at org.junit.runners.ParentRunner.run(ParentRunner.java:363)
	at org.apache.maven.surefire.junit4.JUnit4Provider.execute(JUnit4Provider.java:252)
	at org.apache.maven.surefire.junit4.JUnit4Provider.executeTestSet(JUnit4Provider.java:141)
	at org.apache.maven.surefire.junit4.JUnit4Provider.invoke(JUnit4Provider.java:112)
	at sun.reflect.NativeMethodAccessorImpl.invoke0(Native Method)
	at sun.reflect.NativeMethodAccessorImpl.invoke(NativeMethodAccessorImpl.java:62)
	at sun.reflect.DelegatingMethodAccessorImpl.invoke(DelegatingMethodAccessorImpl.java:43)
	at java.lang.reflect.Method.invoke(Method.java:498)
	at org.apache.maven.surefire.util.ReflectionUtils.invokeMethodWithArray(ReflectionUtils.java:189)
	at org.apache.maven.surefire.booter.ProviderFactory$ProviderProxy.invoke(ProviderFactory.java:165)
	at org.apache.maven.surefire.booter.ProviderFactory.invokeProvider(ProviderFactory.java:85)
	at org.apache.maven.surefire.booter.ForkedBooter.runSuitesInProcess(ForkedBooter.java:115)
	at org.apache.maven.surefire.booter.ForkedBooter.main(ForkedBooter.java:75)
</error>
    <system-out>[INFO] Seeing class for first time: Voluntario_ESTest
[INFO] Instrumenting class &apos;Voluntario_ESTest&apos;.
[INFO] Seeing class for first time: Voluntario_ESTest_scaffolding
[INFO] Instrumenting class &apos;Voluntario_ESTest_scaffolding&apos;.
[INFO] Keeping class: Voluntario_ESTest_scaffolding
[INFO] Keeping class: Voluntario_ESTest
[DEBUG] Adding privileged thread: &quot;Reference Handler&quot;
[DEBUG] Adding privileged thread: &quot;Finalizer&quot;
[DEBUG] Adding privileged thread: &quot;Signal Dispatcher&quot;
[DEBUG] Adding privileged thread: &quot;Java2D Disposer&quot;
[DEBUG] Adding privileged thread: &quot;AWT-XAWT&quot;
[DEBUG] Adding privileged thread: &quot;process reaper&quot;
[DEBUG] Adding privileged thread: &quot;main&quot;
</system-out>
  </testcase>
</testsuite>